# JRE version: Java(TM) SE Runtime Environment (8.0_191-b12) (build 1.8.0_191-b12)
# Java VM: Java HotSpot(TM) 64-Bit Server VM (25.191-b12 mixed mode windows-amd64 compressed oops)
Heap:
 PSYoungGen      total 24576K, used 22809K [0x00000000d6000000, 0x00000000d7900000, 0x0000000100000000)
  eden space 24064K, 94% used [0x00000000d6000000,0x00000000d762e680,0x00000000d7780000)
  from space 512K, 18% used [0x00000000d7880000,0x00000000d7898000,0x00000000d7900000)
  to   space 512K, 0% used [0x00000000d7800000,0x00000000d7800000,0x00000000d7880000)
 ParOldGen       total 86016K, used 12417K [0x0000000082000000, 0x0000000087400000, 0x00000000d6000000)
  object space 86016K, 14% used [0x0000000082000000,0x0000000082c20578,0x0000000087400000)
 Metaspace       used 19732K, capacity 20454K, committed 20608K, reserved 1067008K
  class space    used 2669K, capacity 2848K, committed 2944K, reserved 1048576K
GC Heap History (10 events):
Event: 7286.692 GC heap before
{Heap before GC invocations=70 (full 0):
 PSYoungGen      total 24576K, used 24128K [0x00000000d6000000, 0x00000000d7900000, 0x0000000100000000)
  eden space 24064K, 100% used [0x00000000d6000000,0x00000000d7780000,0x00000000d7780000)
  from space 512K, 12% used [0x00000000d7800000,0x00000000d7810000,0x00000000d7880000)
  to   space 512K, 0% used [0x00000000d7880000,0x00000000d7880000,0x00000000d7900000)
 ParOldGen       total 86016K, used 12417K [0x0000000082000000, 0x0000000087400000, 0x00000000d6000000)
  object space 86016K, 14% used [0x0000000082000000,0x0000000082c20578,0x0000000087400000)
 Metaspace       used 19698K, capacity 20404K, committed 20608K, reserved 1067008K
  class space    used 2662K, capacity 2837K, committed 2944K, reserved 1048576K
Event: 7286.693 GC heap after
Heap after GC invocations=70 (full 0):
 PSYoungGen      total 24576K, used 64K [0x00000000d6000000, 0x00000000d7900000, 0x0000000100000000)
  eden space 24064K, 0% used [0x00000000d6000000,0x00000000d6000000,0x00000000d7780000)
  from space 512K, 12% used [0x00000000d7880000,0x00000000d7890000,0x00000000d7900000)
  to   space 512K, 0% used [0x00000000d7800000,0x00000000d7800000,0x00000000d7880000)
 ParOldGen       total 86016K, used 12417K [0x0000000082000000, 0x0000000087400000, 0x00000000d6000000)
  object space 86016K, 14% used [0x0000000082000000,0x0000000082c20578,0x0000000087400000)
 Metaspace       used 19698K, capacity 20404K, committed 20608K, reserved 1067008K
  class space    used 2662K, capacity 2837K, committed 2944K, reserved 1048576K
}
Event: 7386.707 GC heap before
{Heap before GC invocations=71 (full 0):
 PSYoungGen      total 24576K, used 24128K [0x00000000d6000000, 0x00000000d7900000, 0x0000000100000000)
  eden space 24064K, 100% used [0x00000000d6000000,0x00000000d7780000,0x00000000d7780000)
  from space 512K, 12% used [0x00000000d7880000,0x00000000d7890000,0x00000000d7900000)
  to   space 512K, 0% used [0x00000000d7800000,0x00000000d7800000,0x00000000d7880000)
 ParOldGen       total 86016K, used 12417K [0x0000000082000000, 0x0000000087400000, 0x00000000d6000000)
  object space 86016K, 14% used [0x0000000082000000,0x0000000082c20578,0x0000000087400000)
 Metaspace       used 19698K, capacity 20404K, committed 20608K, reserved 1067008K
  class space    used 2662K, capacity 2837K, committed 2944K, reserved 1048576K
Event: 7386.708 GC heap after
Heap after GC invocations=71 (full 0):
 PSYoungGen      total 24576K, used 64K [0x00000000d6000000, 0x00000000d7900000, 0x0000000100000000)
  eden space 24064K, 0% used [0x00000000d6000000,0x00000000d6000000,0x00000000d7780000)
  from space 512K, 12% used [0x00000000d7800000,0x00000000d7810000,0x00000000d7880000)
  to   space 512K, 0% used [0x00000000d7880000,0x00000000d7880000,0x00000000d7900000)
 ParOldGen       total 86016K, used 12417K [0x0000000082000000, 0x0000000087400000, 0x00000000d6000000)
  object space 86016K, 14% used [0x0000000082000000,0x0000000082c20578,0x0000000087400000)
 Metaspace       used 19698K, capacity 20404K, committed 20608K, reserved 1067008K
  class space    used 2662K, capacity 2837K, committed 2944K, reserved 1048576K
}
Event: 7487.125 GC heap before
{Heap before GC invocations=72 (full 0):
 PSYoungGen      total 24576K, used 24128K [0x00000000d6000000, 0x00000000d7900000, 0x0000000100000000)
  eden space 24064K, 100% used [0x00000000d6000000,0x00000000d7780000,0x00000000d7780000)
  from space 512K, 12% used [0x00000000d7800000,0x00000000d7810000,0x00000000d7880000)
  to   space 512K, 0% used [0x00000000d7880000,0x00000000d7880000,0x00000000d7900000)
 ParOldGen       total 86016K, used 12417K [0x0000000082000000, 0x0000000087400000, 0x00000000d6000000)
  object space 86016K, 14% used [0x0000000082000000,0x0000000082c20578,0x0000000087400000)
 Metaspace       used 19698K, capacity 20404K, committed 20608K, reserved 1067008K
  class space    used 2662K, capacity 2837K, committed 2944K, reserved 1048576K
Event: 7487.126 GC heap after
Heap after GC invocations=72 (full 0):
 PSYoungGen      total 24576K, used 96K [0x00000000d6000000, 0x00000000d7900000, 0x0000000100000000)
  eden space 24064K, 0% used [0x00000000d6000000,0x00000000d6000000,0x00000000d7780000)
  from space 512K, 18% used [0x00000000d7880000,0x00000000d7898000,0x00000000d7900000)
  to   space 512K, 0% used [0x00000000d7800000,0x00000000d7800000,0x00000000d7880000)
 ParOldGen       total 86016K, used 12417K [0x0000000082000000, 0x0000000087400000, 0x00000000d6000000)
  object space 86016K, 14% used [0x0000000082000000,0x0000000082c20578,0x0000000087400000)
 Metaspace       used 19698K, capacity 20404K, committed 20608K, reserved 1067008K
  class space    used 2662K, capacity 2837K, committed 2944K, reserved 1048576K
}
Event: 7587.828 GC heap before
{Heap before GC invocations=73 (full 0):
 PSYoungGen      total 24576K, used 24160K [0x00000000d6000000, 0x00000000d7900000, 0x0000000100000000)
  eden space 24064K, 100% used [0x00000000d6000000,0x00000000d7780000,0x00000000d7780000)
  from space 512K, 18% used [0x00000000d7880000,0x00000000d7898000,0x00000000d7900000)
  to   space 512K, 0% used [0x00000000d7800000,0x00000000d7800000,0x00000000d7880000)
 ParOldGen       total 86016K, used 12417K [0x0000000082000000, 0x0000000087400000, 0x00000000d6000000)
  object space 86016K, 14% used [0x0000000082000000,0x0000000082c20578,0x0000000087400000)
 Metaspace       used 19698K, capacity 20404K, committed 20608K, reserved 1067008K
  class space    used 2662K, capacity 2837K, committed 2944K, reserved 1048576K
Event: 7587.829 GC heap after
Heap after GC invocations=73 (full 0):
 PSYoungGen      total 24576K, used 96K [0x00000000d6000000, 0x00000000d7900000, 0x0000000100000000)
  eden space 24064K, 0% used [0x00000000d6000000,0x00000000d6000000,0x00000000d7780000)
  from space 512K, 18% used [0x00000000d7800000,0x00000000d7818000,0x00000000d7880000)
  to   space 512K, 0% used [0x00000000d7880000,0x00000000d7880000,0x00000000d7900000)
 ParOldGen       total 86016K, used 12417K [0x0000000082000000, 0x0000000087400000, 0x00000000d6000000)
  object space 86016K, 14% used [0x0000000082000000,0x0000000082c20578,0x0000000087400000)
 Metaspace       used 19698K, capacity 20404K, committed 20608K, reserved 1067008K
  class space    used 2662K, capacity 2837K, committed 2944K, reserved 1048576K
}
Event: 7688.339 GC heap before
{Heap before GC invocations=74 (full 0):
 PSYoungGen      total 24576K, used 24160K [0x00000000d6000000, 0x00000000d7900000, 0x0000000100000000)
  eden space 24064K, 100% used [0x00000000d6000000,0x00000000d7780000,0x00000000d7780000)
  from space 512K, 18% used [0x00000000d7800000,0x00000000d7818000,0x00000000d7880000)
  to   space 512K, 0% used [0x00000000d7880000,0x00000000d7880000,0x00000000d7900000)
 ParOldGen       total 86016K, used 12417K [0x0000000082000000, 0x0000000087400000, 0x00000000d6000000)
  object space 86016K, 14% used [0x0000000082000000,0x0000000082c20578,0x0000000087400000)
 Metaspace       used 19698K, capacity 20404K, committed 20608K, reserved 1067008K
  class space    used 2662K, capacity 2837K, committed 2944K, reserved 1048576K
Event: 7688.341 GC heap after
Heap after GC invocations=74 (full 0):
 PSYoungGen      total 24576K, used 96K [0x00000000d6000000, 0x00000000d7900000, 0x0000000100000000)
  eden space 24064K, 0% used [0x00000000d6000000,0x00000000d6000000,0x00000000d7780000)
  from space 512K, 18% used [0x00000000d7880000,0x00000000d7898000,0x00000000d7900000)
  to   space 512K, 0% used [0x00000000d7800000,0x00000000d7800000,0x00000000d7880000)
 ParOldGen       total 86016K, used 12417K [0x0000000082000000, 0x0000000087400000, 0x00000000d6000000)
  object space 86016K, 14% used [0x0000000082000000,0x0000000082c20578,0x0000000087400000)
 Metaspace       used 19698K, capacity 20404K, committed 20608K, reserved 1067008K
  class space    used 2662K, capacity 2837K, committed 2944K, reserved 1048576K
}

